<?xml version="1.0" encoding="UTF-8"?>
<!-- Generated by org.testng.reporters.JUnitXMLReporter -->
<testsuite ignored="0" hostname="PAULS-MBP.station" failures="0" tests="5" name="Default test" time="30.344" errors="0" timestamp="2023-10-01T16:17:59 BST">
  <testcase classname="com.realpay.AmazonLazyLoadingTest" name="getAllDisplayedProducts" time="0.053"/>
  <testcase classname="com.realpay.AmazonLazyLoadingTest" name="getNthProdDetails" time="18.098"/>
  <testcase classname="com.realpay.AmazonLazyLoadingTest" name="openWebpage" time="0.948"/>
  <testcase classname="com.realpay.AmazonLazyLoadingTest" name="scrollDownProducts" time="6.076"/>
  <testcase classname="com.realpay.AmazonLazyLoadingTest" name="testLazyLoading" time="5.098"/>
</testsuite> <!-- Default test -->
