<?xml version="1.0" encoding="UTF-8"?>
<!-- Generated by org.testng.reporters.JUnitXMLReporter -->
<testsuite ignored="0" hostname="PAULS-MBP.station" failures="0" tests="5" name="Test" time="30.736" errors="0" timestamp="2023-10-01T16:10:20 BST">
  <testcase classname="com.realpay.AmazonLazyLoadingTest" name="getAllDisplayedProducts" time="0.062"/>
  <testcase classname="com.realpay.AmazonLazyLoadingTest" name="getNthProdDetails" time="17.404"/>
  <testcase classname="com.realpay.AmazonLazyLoadingTest" name="openWebpage" time="1.07"/>
  <testcase classname="com.realpay.AmazonLazyLoadingTest" name="scrollDownProducts" time="6.311"/>
  <testcase classname="com.realpay.AmazonLazyLoadingTest" name="testLazyLoading" time="5.8"/>
</testsuite> <!-- Test -->
